2025-02-03 18:54:50 - Starting SpringbootWebDataJan18Application using Java 17.0.12 with PID 16492 (D:\Spring Boot\springboot-web-data-jan20\target\classes started by Naveen in D:\Spring Boot\springboot-web-data-jan20)
2025-02-03 18:54:50 - Running with Spring Boot v3.4.2, Spring v6.2.2
2025-02-03 18:54:50 - No active profile set, falling back to 1 default profile: "default"
2025-02-03 18:54:50 - Bootstrapping Spring Data JPA repositories in DEFAULT mode.
2025-02-03 18:54:50 - Finished Spring Data repository scanning in 7 ms. Found 1 JPA repository interface.
2025-02-03 18:54:51 - Tomcat initialized with port 8181 (http)
2025-02-03 18:54:51 - Starting service [Tomcat]
2025-02-03 18:54:51 - Starting Servlet engine: [Apache Tomcat/10.1.34]
2025-02-03 18:54:51 - At least one JAR was scanned for TLDs yet contained no TLDs. Enable debug logging for this logger for a complete list of JARs that were scanned but no TLDs were found in them. Skipping unneeded JARs during scanning can improve startup time and JSP compilation time.
2025-02-03 18:54:51 - Initializing Spring embedded WebApplicationContext
2025-02-03 18:54:51 - Root WebApplicationContext: initialization completed in 280 ms
2025-02-03 18:54:51 - HHH000204: Processing PersistenceUnitInfo [name: default]
2025-02-03 18:54:51 - HHH000026: Second-level cache disabled
2025-02-03 18:54:51 - No LoadTimeWeaver setup: ignoring JPA class transformer
2025-02-03 18:54:51 - HikariPool-2 - Starting...
2025-02-03 18:54:51 - HikariPool-2 - Added connection com.mysql.cj.jdbc.ConnectionImpl@34c547aa
2025-02-03 18:54:51 - HikariPool-2 - Start completed.
2025-02-03 18:54:51 - HHH10001005: Database info:
	Database JDBC URL [Connecting through datasource 'HikariDataSource (HikariPool-2)']
	Database driver: undefined/unknown
	Database version: 8.0.28
	Autocommit mode: undefined/unknown
	Isolation level: undefined/unknown
	Minimum pool size: undefined/unknown
	Maximum pool size: undefined/unknown
2025-02-03 18:54:51 - HHH000489: No JTA platform available (set 'hibernate.transaction.jta.platform' to enable JTA platform integration)
2025-02-03 18:54:51 - Initialized JPA EntityManagerFactory for persistence unit 'default'
2025-02-03 18:54:51 - spring.jpa.open-in-view is enabled by default. Therefore, database queries may be performed during view rendering. Explicitly configure spring.jpa.open-in-view to disable this warning
2025-02-03 18:54:51 - Failed to set up a Bean Validation provider: jakarta.validation.NoProviderFoundException: Unable to create a Configuration, because no Jakarta Bean Validation provider could be found. Add a provider like Hibernate Validator (RI) to your classpath.
2025-02-03 18:54:51 - LiveReload server is running on port 35729
2025-02-03 18:54:51 - Tomcat started on port 8181 (http) with context path '/employee'
2025-02-03 18:54:51 - Started SpringbootWebDataJan18Application in 0.731 seconds (process running for 74.782)
2025-02-03 18:54:51 - Condition evaluation unchanged
2025-02-03 18:54:58 - Initializing Spring DispatcherServlet 'dispatcherServlet'
2025-02-03 18:54:58 - Initializing Servlet 'dispatcherServlet'
2025-02-03 18:54:58 - Completed initialization in 3 ms
2025-02-03 18:54:58 - Enter into controller method showAllEmployees()...
2025-02-03 18:54:58 - Enter into controller method showAllEmployees()...
2025-02-03 18:54:58 - Enter into controller method showAllEmployees()...
2025-02-03 18:54:58 - Enter into controller method showAllEmployees()...
2025-02-03 18:54:58 - Enter into controller method showAllEmployees()...
2025-02-03 19:10:34 - Enter into controller method showAllEmployees()...
2025-02-03 19:10:34 - Enter into controller method showAllEmployees()...
2025-02-03 19:10:34 - Enter into controller method showAllEmployees()...
2025-02-03 19:10:34 - Enter into controller method showAllEmployees()...
2025-02-03 19:10:34 - Enter into controller method showAllEmployees()...
